2025-11-07 18:40:18,049 [INFO] Initialization successful.
2025-11-07 18:40:18,049 [INFO] Camera now open.
2025-11-07 18:40:18,052 [INFO] Camera configuration has been adjusted!
2025-11-07 18:40:18,053 [INFO] Configuration successful!
2025-11-07 18:40:18,065 [INFO] Camera started
2025-11-07 18:41:04,563 [INFO] Camera stopped
2025-11-07 18:41:04,965 [INFO] Camera closed successfully.
2025-11-07 18:56:03,443 [INFO] Initialization successful.
2025-11-07 18:56:03,447 [INFO] Camera now open.
2025-11-07 18:56:03,450 [INFO] Camera configuration has been adjusted!
2025-11-07 18:56:03,450 [INFO] Configuration successful!
2025-11-07 18:56:03,469 [INFO] Camera started
2025-11-07 18:56:21,067 [INFO] Camera stopped
2025-11-07 18:56:21,471 [INFO] Camera closed successfully.
2025-11-07 19:02:48,635 [INFO] Initialization successful.
2025-11-07 19:02:48,635 [INFO] Camera now open.
2025-11-07 19:02:48,638 [INFO] Camera configuration has been adjusted!
2025-11-07 19:02:48,641 [INFO] Configuration successful!
2025-11-07 19:02:48,654 [INFO] Camera started
2025-11-07 19:03:43,941 [INFO] Camera stopped
2025-11-07 19:03:44,343 [INFO] Camera closed successfully.
2025-11-18 22:09:19,804 [INFO] Initialization successful.
2025-11-18 22:09:19,807 [INFO] Camera now open.
2025-11-18 22:09:19,811 [INFO] Camera configuration has been adjusted!
2025-11-18 22:09:19,812 [INFO] Configuration successful!
2025-11-18 22:09:19,828 [INFO] Camera started
2025-11-18 22:10:08,027 [INFO] Camera stopped
2025-11-18 22:10:08,428 [INFO] Camera closed successfully.
2025-11-18 22:11:46,975 [INFO] Initialization successful.
2025-11-18 22:11:46,975 [INFO] Camera now open.
2025-11-18 22:11:46,979 [INFO] Camera configuration has been adjusted!
2025-11-18 22:11:46,980 [INFO] Configuration successful!
2025-11-18 22:11:46,996 [INFO] Camera started
2025-11-18 22:16:40,034 [INFO] Mosquito detected at 2025-11-18 22:16:40 with confidence 0.41
2025-11-18 22:17:01,666 [INFO] Camera stopped
2025-11-18 22:17:02,068 [INFO] Camera closed successfully.
2025-11-18 22:20:38,076 [INFO] Initialization successful.
2025-11-18 22:20:38,077 [INFO] Camera now open.
2025-11-18 22:20:38,081 [INFO] Camera configuration has been adjusted!
2025-11-18 22:20:38,083 [INFO] Configuration successful!
2025-11-18 22:20:38,098 [INFO] Camera started
2025-11-18 22:21:08,587 [INFO] Camera stopped
2025-11-18 22:21:08,990 [INFO] Camera closed successfully.
2025-11-18 22:24:09,067 [INFO] Initialization successful.
2025-11-18 22:24:09,068 [INFO] Camera now open.
2025-11-18 22:24:09,072 [INFO] Camera configuration has been adjusted!
2025-11-18 22:24:09,074 [INFO] Configuration successful!
2025-11-18 22:24:09,085 [INFO] Camera started
2025-11-18 22:25:04,202 [INFO] Mosquito detected at 2025-11-18 22:25:04 with confidence 0.42
2025-11-18 22:28:23,587 [INFO] Camera stopped
2025-11-18 22:28:23,987 [INFO] Camera closed successfully.
2025-12-02 07:00:56,597 [INFO] Initialization successful.
2025-12-02 07:00:56,597 [INFO] Camera now open.
2025-12-02 07:00:56,599 [INFO] Camera configuration has been adjusted!
2025-12-02 07:00:56,600 [INFO] Configuration successful!
2025-12-02 07:00:56,607 [INFO] Camera started
2025-12-02 07:01:01,978 [INFO] Mosquito detected at 2025-12-02 07:01:01 with confidence 0.48
2025-12-02 07:01:01,979 [INFO] Mosquito detected at 2025-12-02 07:01:01 with confidence 0.45
2025-12-02 07:01:02,376 [INFO] Mosquito detected at 2025-12-02 07:01:02 with confidence 0.59
2025-12-02 07:01:02,376 [INFO] Mosquito detected at 2025-12-02 07:01:02 with confidence 0.45
2025-12-02 07:01:03,463 [INFO] Mosquito detected at 2025-12-02 07:01:03 with confidence 0.79
2025-12-02 07:01:03,464 [INFO] Mosquito detected at 2025-12-02 07:01:03 with confidence 0.54
2025-12-02 07:01:05,965 [INFO] Mosquito detected at 2025-12-02 07:01:05 with confidence 0.64
2025-12-02 07:01:08,114 [INFO] Mosquito detected at 2025-12-02 07:01:08 with confidence 0.50
2025-12-02 07:01:12,323 [INFO] Mosquito detected at 2025-12-02 07:01:12 with confidence 0.54
2025-12-02 07:01:12,688 [INFO] Mosquito detected at 2025-12-02 07:01:12 with confidence 0.57
2025-12-02 07:01:13,407 [INFO] Mosquito detected at 2025-12-02 07:01:13 with confidence 0.63
2025-12-02 07:01:14,122 [INFO] Mosquito detected at 2025-12-02 07:01:14 with confidence 0.46
2025-12-02 07:01:15,245 [INFO] Mosquito detected at 2025-12-02 07:01:15 with confidence 0.48
2025-12-02 07:01:16,042 [INFO] Mosquito detected at 2025-12-02 07:01:16 with confidence 0.92
2025-12-02 07:01:16,408 [INFO] Mosquito detected at 2025-12-02 07:01:16 with confidence 0.90
2025-12-02 07:01:16,775 [INFO] Mosquito detected at 2025-12-02 07:01:16 with confidence 0.91
2025-12-02 07:01:17,141 [INFO] Mosquito detected at 2025-12-02 07:01:17 with confidence 0.97
2025-12-02 07:01:17,487 [INFO] Mosquito detected at 2025-12-02 07:01:17 with confidence 0.97
2025-12-02 07:01:17,849 [INFO] Mosquito detected at 2025-12-02 07:01:17 with confidence 0.97
2025-12-02 07:01:18,203 [INFO] Mosquito detected at 2025-12-02 07:01:18 with confidence 0.93
2025-12-02 07:01:18,577 [INFO] Mosquito detected at 2025-12-02 07:01:18 with confidence 0.95
2025-12-02 07:01:18,938 [INFO] Mosquito detected at 2025-12-02 07:01:18 with confidence 0.95
2025-12-02 07:01:19,284 [INFO] Mosquito detected at 2025-12-02 07:01:19 with confidence 0.94
2025-12-02 07:01:19,639 [INFO] Mosquito detected at 2025-12-02 07:01:19 with confidence 0.97
2025-12-02 07:01:24,345 [INFO] Mosquito detected at 2025-12-02 07:01:24 with confidence 0.58
2025-12-02 07:01:24,705 [INFO] Mosquito detected at 2025-12-02 07:01:24 with confidence 0.76
2025-12-02 07:01:25,080 [INFO] Mosquito detected at 2025-12-02 07:01:25 with confidence 0.65
2025-12-02 07:01:31,214 [INFO] Mosquito detected at 2025-12-02 07:01:31 with confidence 0.69
2025-12-02 07:01:33,352 [INFO] Mosquito detected at 2025-12-02 07:01:33 with confidence 0.85
2025-12-02 07:01:34,068 [INFO] Mosquito detected at 2025-12-02 07:01:34 with confidence 0.63
2025-12-02 07:01:36,535 [INFO] Mosquito detected at 2025-12-02 07:01:36 with confidence 0.94
2025-12-02 07:01:36,882 [INFO] Mosquito detected at 2025-12-02 07:01:36 with confidence 0.76
2025-12-02 07:01:37,594 [INFO] Mosquito detected at 2025-12-02 07:01:37 with confidence 0.79
2025-12-02 07:01:37,949 [INFO] Mosquito detected at 2025-12-02 07:01:37 with confidence 0.83
2025-12-02 07:01:46,677 [INFO] Mosquito detected at 2025-12-02 07:01:46 with confidence 0.56
2025-12-02 07:01:48,836 [INFO] Mosquito detected at 2025-12-02 07:01:48 with confidence 0.86
2025-12-02 07:01:50,610 [INFO] Mosquito detected at 2025-12-02 07:01:50 with confidence 0.71
2025-12-02 07:01:52,417 [INFO] Mosquito detected at 2025-12-02 07:01:52 with confidence 0.83
2025-12-02 07:01:52,797 [INFO] Mosquito detected at 2025-12-02 07:01:52 with confidence 0.65
2025-12-02 07:01:54,200 [INFO] Mosquito detected at 2025-12-02 07:01:54 with confidence 0.61
2025-12-02 07:01:54,565 [INFO] Mosquito detected at 2025-12-02 07:01:54 with confidence 0.84
2025-12-02 07:01:56,033 [INFO] Mosquito detected at 2025-12-02 07:01:56 with confidence 0.77
2025-12-02 07:01:56,398 [INFO] Mosquito detected at 2025-12-02 07:01:56 with confidence 0.75
2025-12-02 07:01:56,757 [INFO] Mosquito detected at 2025-12-02 07:01:56 with confidence 0.67
2025-12-02 07:01:57,465 [INFO] Mosquito detected at 2025-12-02 07:01:57 with confidence 0.54
2025-12-02 07:01:57,829 [INFO] Mosquito detected at 2025-12-02 07:01:57 with confidence 0.68
2025-12-02 07:01:58,188 [INFO] Mosquito detected at 2025-12-02 07:01:58 with confidence 0.71
2025-12-02 07:01:58,538 [INFO] Mosquito detected at 2025-12-02 07:01:58 with confidence 0.50
2025-12-02 07:01:59,249 [INFO] Mosquito detected at 2025-12-02 07:01:59 with confidence 0.55
2025-12-02 07:01:59,618 [INFO] Mosquito detected at 2025-12-02 07:01:59 with confidence 0.69
2025-12-02 07:02:01,083 [INFO] Mosquito detected at 2025-12-02 07:02:01 with confidence 0.42
2025-12-02 07:02:01,446 [INFO] Mosquito detected at 2025-12-02 07:02:01 with confidence 0.48
2025-12-02 07:02:04,811 [INFO] Mosquito detected at 2025-12-02 07:02:04 with confidence 0.51
2025-12-02 07:02:05,164 [INFO] Mosquito detected at 2025-12-02 07:02:05 with confidence 0.59
2025-12-02 07:02:06,210 [INFO] Mosquito detected at 2025-12-02 07:02:06 with confidence 0.41
2025-12-02 07:02:06,568 [INFO] Mosquito detected at 2025-12-02 07:02:06 with confidence 0.64
2025-12-02 07:02:06,911 [INFO] Mosquito detected at 2025-12-02 07:02:06 with confidence 0.47
2025-12-02 07:02:07,267 [INFO] Mosquito detected at 2025-12-02 07:02:07 with confidence 0.56
2025-12-02 07:02:07,629 [INFO] Mosquito detected at 2025-12-02 07:02:07 with confidence 0.48
2025-12-02 07:02:07,987 [INFO] Mosquito detected at 2025-12-02 07:02:07 with confidence 0.64
2025-12-02 07:02:08,350 [INFO] Mosquito detected at 2025-12-02 07:02:08 with confidence 0.42
2025-12-02 07:02:11,179 [INFO] Mosquito detected at 2025-12-02 07:02:11 with confidence 0.49
2025-12-02 07:02:11,539 [INFO] Mosquito detected at 2025-12-02 07:02:11 with confidence 0.65
2025-12-02 07:02:11,896 [INFO] Mosquito detected at 2025-12-02 07:02:11 with confidence 0.57
2025-12-02 07:02:12,275 [INFO] Mosquito detected at 2025-12-02 07:02:12 with confidence 0.40
2025-12-02 07:02:12,637 [INFO] Mosquito detected at 2025-12-02 07:02:12 with confidence 0.40
2025-12-02 07:02:13,002 [INFO] Mosquito detected at 2025-12-02 07:02:13 with confidence 0.41
2025-12-02 07:02:14,103 [INFO] Mosquito detected at 2025-12-02 07:02:14 with confidence 0.46
2025-12-02 07:02:14,470 [INFO] Mosquito detected at 2025-12-02 07:02:14 with confidence 0.58
2025-12-02 07:02:14,844 [INFO] Mosquito detected at 2025-12-02 07:02:14 with confidence 0.62
2025-12-02 07:02:15,216 [INFO] Mosquito detected at 2025-12-02 07:02:15 with confidence 0.42
2025-12-02 07:02:16,280 [INFO] Mosquito detected at 2025-12-02 07:02:16 with confidence 0.44
2025-12-02 07:02:16,996 [INFO] Mosquito detected at 2025-12-02 07:02:16 with confidence 0.87
2025-12-02 07:02:17,346 [INFO] Mosquito detected at 2025-12-02 07:02:17 with confidence 0.92
2025-12-02 07:02:17,690 [INFO] Mosquito detected at 2025-12-02 07:02:17 with confidence 0.93
2025-12-02 07:02:18,046 [INFO] Mosquito detected at 2025-12-02 07:02:18 with confidence 0.93
2025-12-02 07:02:18,409 [INFO] Mosquito detected at 2025-12-02 07:02:18 with confidence 0.92
2025-12-02 07:02:18,782 [INFO] Mosquito detected at 2025-12-02 07:02:18 with confidence 0.96
2025-12-02 07:02:19,148 [INFO] Mosquito detected at 2025-12-02 07:02:19 with confidence 0.93
2025-12-02 07:02:19,516 [INFO] Mosquito detected at 2025-12-02 07:02:19 with confidence 0.94
2025-12-02 07:02:19,883 [INFO] Mosquito detected at 2025-12-02 07:02:19 with confidence 0.94
2025-12-02 07:02:20,242 [INFO] Mosquito detected at 2025-12-02 07:02:20 with confidence 0.95
2025-12-02 07:02:20,622 [INFO] Mosquito detected at 2025-12-02 07:02:20 with confidence 0.95
2025-12-02 07:02:20,990 [INFO] Mosquito detected at 2025-12-02 07:02:20 with confidence 0.83
2025-12-02 07:02:21,352 [INFO] Mosquito detected at 2025-12-02 07:02:21 with confidence 0.94
2025-12-02 07:02:21,717 [INFO] Mosquito detected at 2025-12-02 07:02:21 with confidence 0.96
2025-12-02 07:02:22,076 [INFO] Mosquito detected at 2025-12-02 07:02:22 with confidence 0.92
2025-12-02 07:02:22,439 [INFO] Mosquito detected at 2025-12-02 07:02:22 with confidence 0.93
2025-12-02 07:02:22,903 [INFO] Mosquito detected at 2025-12-02 07:02:22 with confidence 0.96
2025-12-02 07:02:23,267 [INFO] Mosquito detected at 2025-12-02 07:02:23 with confidence 0.94
2025-12-02 07:02:23,612 [INFO] Mosquito detected at 2025-12-02 07:02:23 with confidence 0.93
2025-12-02 07:02:23,973 [INFO] Mosquito detected at 2025-12-02 07:02:23 with confidence 0.94
2025-12-02 07:02:24,335 [INFO] Mosquito detected at 2025-12-02 07:02:24 with confidence 0.96
2025-12-02 07:02:24,704 [INFO] Mosquito detected at 2025-12-02 07:02:24 with confidence 0.95
2025-12-02 07:02:25,068 [INFO] Mosquito detected at 2025-12-02 07:02:25 with confidence 0.96
2025-12-02 07:02:25,440 [INFO] Mosquito detected at 2025-12-02 07:02:25 with confidence 0.95
2025-12-02 07:02:25,815 [INFO] Mosquito detected at 2025-12-02 07:02:25 with confidence 0.94
2025-12-02 07:02:26,166 [INFO] Mosquito detected at 2025-12-02 07:02:26 with confidence 0.93
2025-12-02 07:02:26,533 [INFO] Mosquito detected at 2025-12-02 07:02:26 with confidence 0.96
2025-12-02 07:02:26,918 [INFO] Mosquito detected at 2025-12-02 07:02:26 with confidence 0.94
2025-12-02 07:02:27,286 [INFO] Mosquito detected at 2025-12-02 07:02:27 with confidence 0.96
2025-12-02 07:02:27,651 [INFO] Mosquito detected at 2025-12-02 07:02:27 with confidence 0.93
2025-12-02 07:02:28,010 [INFO] Mosquito detected at 2025-12-02 07:02:28 with confidence 0.92
2025-12-02 07:02:28,365 [INFO] Mosquito detected at 2025-12-02 07:02:28 with confidence 0.94
2025-12-02 07:02:28,734 [INFO] Mosquito detected at 2025-12-02 07:02:28 with confidence 0.92
2025-12-02 07:02:29,098 [INFO] Mosquito detected at 2025-12-02 07:02:29 with confidence 0.96
2025-12-02 07:02:29,442 [INFO] Mosquito detected at 2025-12-02 07:02:29 with confidence 0.94
2025-12-02 07:02:29,806 [INFO] Mosquito detected at 2025-12-02 07:02:29 with confidence 0.96
2025-12-02 07:02:30,525 [INFO] Mosquito detected at 2025-12-02 07:02:30 with confidence 0.87
2025-12-02 07:02:34,451 [INFO] Mosquito detected at 2025-12-02 07:02:34 with confidence 0.85
2025-12-02 07:02:39,406 [INFO] Mosquito detected at 2025-12-02 07:02:39 with confidence 0.80
2025-12-02 07:02:40,502 [INFO] Mosquito detected at 2025-12-02 07:02:40 with confidence 0.45
2025-12-02 07:02:41,225 [INFO] Mosquito detected at 2025-12-02 07:02:41 with confidence 0.89
2025-12-02 07:02:41,586 [INFO] Mosquito detected at 2025-12-02 07:02:41 with confidence 0.60
2025-12-02 07:02:42,758 [INFO] Mosquito detected at 2025-12-02 07:02:42 with confidence 0.65
2025-12-02 07:02:43,122 [INFO] Mosquito detected at 2025-12-02 07:02:43 with confidence 0.70
2025-12-02 07:02:44,253 [INFO] Mosquito detected at 2025-12-02 07:02:44 with confidence 0.77
2025-12-02 07:02:44,662 [INFO] Mosquito detected at 2025-12-02 07:02:44 with confidence 0.64
2025-12-02 07:02:45,089 [INFO] Mosquito detected at 2025-12-02 07:02:45 with confidence 0.69
2025-12-02 07:02:45,499 [INFO] Mosquito detected at 2025-12-02 07:02:45 with confidence 0.72
2025-12-02 07:02:45,858 [INFO] Mosquito detected at 2025-12-02 07:02:45 with confidence 0.57
2025-12-02 07:02:46,216 [INFO] Mosquito detected at 2025-12-02 07:02:46 with confidence 0.67
2025-12-02 07:02:46,583 [INFO] Mosquito detected at 2025-12-02 07:02:46 with confidence 0.71
2025-12-02 07:02:46,924 [INFO] Mosquito detected at 2025-12-02 07:02:46 with confidence 0.64
2025-12-02 07:02:47,271 [INFO] Mosquito detected at 2025-12-02 07:02:47 with confidence 0.62
2025-12-02 07:02:47,618 [INFO] Mosquito detected at 2025-12-02 07:02:47 with confidence 0.50
2025-12-02 07:02:47,982 [INFO] Mosquito detected at 2025-12-02 07:02:47 with confidence 0.53
2025-12-02 07:02:48,347 [INFO] Mosquito detected at 2025-12-02 07:02:48 with confidence 0.65
2025-12-02 07:02:48,740 [INFO] Mosquito detected at 2025-12-02 07:02:48 with confidence 0.76
2025-12-02 07:02:49,100 [INFO] Mosquito detected at 2025-12-02 07:02:49 with confidence 0.70
2025-12-02 07:02:49,476 [INFO] Mosquito detected at 2025-12-02 07:02:49 with confidence 0.78
2025-12-02 07:02:49,859 [INFO] Mosquito detected at 2025-12-02 07:02:49 with confidence 0.78
2025-12-02 07:02:50,245 [INFO] Mosquito detected at 2025-12-02 07:02:50 with confidence 0.83
2025-12-02 07:02:50,639 [INFO] Mosquito detected at 2025-12-02 07:02:50 with confidence 0.73
2025-12-02 07:02:51,003 [INFO] Mosquito detected at 2025-12-02 07:02:51 with confidence 0.82
2025-12-02 07:02:51,364 [INFO] Mosquito detected at 2025-12-02 07:02:51 with confidence 0.90
2025-12-02 07:02:51,728 [INFO] Mosquito detected at 2025-12-02 07:02:51 with confidence 0.88
2025-12-02 07:02:52,094 [INFO] Mosquito detected at 2025-12-02 07:02:52 with confidence 0.89
2025-12-02 07:02:52,438 [INFO] Mosquito detected at 2025-12-02 07:02:52 with confidence 0.89
2025-12-02 07:02:52,808 [INFO] Mosquito detected at 2025-12-02 07:02:52 with confidence 0.89
2025-12-02 07:02:53,167 [INFO] Mosquito detected at 2025-12-02 07:02:53 with confidence 0.92
2025-12-02 07:02:53,521 [INFO] Mosquito detected at 2025-12-02 07:02:53 with confidence 0.91
2025-12-02 07:02:53,887 [INFO] Mosquito detected at 2025-12-02 07:02:53 with confidence 0.90
2025-12-02 07:02:54,272 [INFO] Mosquito detected at 2025-12-02 07:02:54 with confidence 0.88
2025-12-02 07:02:54,643 [INFO] Mosquito detected at 2025-12-02 07:02:54 with confidence 0.88
2025-12-02 07:02:55,007 [INFO] Mosquito detected at 2025-12-02 07:02:55 with confidence 0.85
2025-12-02 07:02:55,362 [INFO] Mosquito detected at 2025-12-02 07:02:55 with confidence 0.88
2025-12-02 07:02:55,721 [INFO] Mosquito detected at 2025-12-02 07:02:55 with confidence 0.88
2025-12-02 07:02:56,085 [INFO] Mosquito detected at 2025-12-02 07:02:56 with confidence 0.89
2025-12-02 07:02:56,431 [INFO] Mosquito detected at 2025-12-02 07:02:56 with confidence 0.89
2025-12-02 07:02:56,779 [INFO] Mosquito detected at 2025-12-02 07:02:56 with confidence 0.88
2025-12-02 07:02:57,154 [INFO] Mosquito detected at 2025-12-02 07:02:57 with confidence 0.77
2025-12-02 07:02:57,511 [INFO] Mosquito detected at 2025-12-02 07:02:57 with confidence 0.76
2025-12-02 07:02:57,875 [INFO] Mosquito detected at 2025-12-02 07:02:57 with confidence 0.46
2025-12-02 07:02:58,244 [INFO] Mosquito detected at 2025-12-02 07:02:58 with confidence 0.80
2025-12-02 07:03:04,789 [INFO] Mosquito detected at 2025-12-02 07:03:04 with confidence 0.73
2025-12-02 07:03:05,874 [INFO] Mosquito detected at 2025-12-02 07:03:05 with confidence 0.43
2025-12-02 07:03:11,452 [INFO] Mosquito detected at 2025-12-02 07:03:11 with confidence 0.66
2025-12-02 07:03:16,067 [INFO] Mosquito detected at 2025-12-02 07:03:16 with confidence 0.47
2025-12-02 07:03:17,128 [INFO] Mosquito detected at 2025-12-02 07:03:17 with confidence 0.54
2025-12-02 07:03:17,469 [INFO] Mosquito detected at 2025-12-02 07:03:17 with confidence 0.58
2025-12-02 07:03:19,223 [INFO] Mosquito detected at 2025-12-02 07:03:19 with confidence 0.41
2025-12-02 07:03:19,565 [INFO] Mosquito detected at 2025-12-02 07:03:19 with confidence 0.75
2025-12-02 07:03:23,448 [INFO] Mosquito detected at 2025-12-02 07:03:23 with confidence 0.59
2025-12-02 07:03:24,494 [INFO] Mosquito detected at 2025-12-02 07:03:24 with confidence 0.66
2025-12-02 07:03:24,846 [INFO] Mosquito detected at 2025-12-02 07:03:24 with confidence 0.50
2025-12-02 07:03:28,906 [INFO] Mosquito detected at 2025-12-02 07:03:28 with confidence 0.78
2025-12-02 07:03:29,259 [INFO] Mosquito detected at 2025-12-02 07:03:29 with confidence 0.83
2025-12-02 07:03:31,798 [INFO] Mosquito detected at 2025-12-02 07:03:31 with confidence 0.58
2025-12-02 07:03:36,764 [INFO] Mosquito detected at 2025-12-02 07:03:36 with confidence 0.72
2025-12-02 07:03:42,554 [INFO] Camera stopped
2025-12-02 07:03:42,956 [INFO] Camera closed successfully.
